<?xml version="1.0" encoding="UTF-8"?>
<testsuite xmlns:xsi="http://www.w3.org/2001/XMLSchema-instance" xsi:noNamespaceSchemaLocation="https://maven.apache.org/surefire/maven-surefire-plugin/xsd/surefire-test-report-3.0.xsd" version="3.0" name="com.redhat.developers.HelloResourceTest" time="3.07" tests="1" errors="0" skipped="0" failures="0">
  <properties>
[...]
</properties>
  <testcase name="testHelloEndpoint" classname="com.redhat.developers.HelloResourceTest" time="0.96">
    <system-out><![CDATA[2021-12-19 14:54:02,541 INFO  [io.quarkus] (main) Quarkus 2.5.4.Final on JVM started in 1.787s. Listening on: http://localhost:8081
2021-12-19 14:54:02,542 INFO  [io.quarkus] (main) Profile test activated. 
2021-12-19 14:54:02,542 INFO  [io.quarkus] (main) Installed features: [cdi, resteasy, smallrye-context-propagation, vertx]
]]></system-out>
  </testcase>
</testsuite>